1450885432.328204: 999
1450885455.109911: 229
1450885461.470654: 1
1450885461.522617: 1
1450885461.706829: 1
1450885461.908203: 1
1450885462.107955: 1
1450885462.30816: 1
1450885462.508102: 1
1450885462.706098: 1
1450885462.907889: 1
1450885463.107711: 1
1450885463.307471: 1
1450885463.508629: 1
1450885463.741533: 1
1450885463.906858: 1
1450885464.108234: 1
1450885464.324596: 1
1450885464.50763: 1
1450885464.706636: 1
1450885464.908221: 1
1450885465.107334: 1
1450885465.307675: 1
1450885473.57334: 1
1450885473.573565: 1
1450885473.650813: 1
1450885473.888899: 1
1450885474.077063: 1
1450885474.331439: 1
1450885474.485429: 1
1450885474.688689: 1
1450885474.909327: 1
1450885475.099797: 1
1450885475.297333: 1
1450885475.500468: 1
1450885475.69723: 1
1450885475.910199: 1
1450885476.093299: 1
1450885476.292713: 1
1450885476.480618: 1
1450885476.681694: 1
1450885476.929206: 1
1450885477.093067: 1
1450885477.301195: 1
1450885477.527519: 1
1450885477.712403: 1
1450885477.914197: 1
1450885478.126946: 1
1450885478.315432: 1
1450885478.511289: 1
1450885478.711056: 1
1450885478.912638: 1
1450885479.113237: 1
1450885479.313728: 1
