1450355135.579: 999
1450355136.011: 10
1450355153.358: 229
1450355159.939: 1
1450355160.055: 2
1450355160.055: 1
1450355160.14: 2
1450355160.14: 1
1450355160.24: 2
1450355160.24: 1
1450355160.339: 2
1450355160.34: 1
1450355160.441: 2
1450355160.441: 1
1450355160.542: 2
1450355160.542: 1
1450355160.641: 2
1450355160.642: 1
1450355160.742: 2
1450355160.742: 1
1450355160.841: 2
1450355160.841: 1
1450355160.941: 2
1450355160.941: 1
1450355161.041: 2
1450355161.041: 1
1450355161.14: 2
1450355161.14: 1
1450355161.239: 2
1450355161.239: 1
1450355161.355: 2
1450355161.355: 1
1450355161.44: 2
1450355161.44: 1
1450355161.541: 2
1450355161.541: 1
1450355161.641: 2
1450355161.642: 1
1450355161.741: 2
1450355161.741: 1
1450355161.841: 2
1450355161.841: 1
1450355161.942: 2
1450355161.942: 1
1450355162.042: 2
