1451227480.831785: 999
1451227483.56976: 229
1451227489.789536: 1
1451227489.789699: 1
1451227489.849974: 1
1451227489.960045: 1
1451227490.095231: 1
1451227490.211289: 1
1451227490.337526: 1
1451227490.449382: 1
1451227490.59925: 1
1451227490.699255: 1
1451227490.84945: 1
1451227490.949963: 1
1451227491.082826: 1
1451227491.215948: 1
1451227491.33352: 1
1451227491.449771: 1
1451227491.582862: 1
1451227491.699734: 1
1451227491.833703: 1
1451227491.950219: 1
1451227492.1497: 1
1451227500.170693: 1
1451227500.170905: 1
1451227500.171075: 1
1451227500.171229: 1
1451227500.521289: 1
1451227500.521555: 1
1451227500.535081: 1
1451227500.701722: 1
1451227500.801863: 1
1451227500.947137: 1
1451227501.053715: 1
1451227501.23061: 1
1451227501.28906: 1
1451227501.430004: 1
1451227501.578068: 1
1451227501.725945: 1
1451227501.873204: 1
1451227501.934075: 1
1451227502.039902: 1
1451227502.174693: 1
1451227502.326075: 1
1451227502.434172: 1
1451227502.574625: 1
1451227502.674571: 1
1451227502.824801: 1
1451227502.935091: 1
1451227503.072645: 1
1451227503.185676: 1
1451227503.323227: 1
1451227503.425343: 1
1451227503.575106: 1
