1450879801.795847: 999
1450879802.830863: 229
1450879809.210866: 1
1450879809.795208: 1
1450879810.29472: 1
1450879810.794644: 1
1450879811.294765: 1
1450879811.793917: 1
1450879812.294617: 1
1450879812.795561: 1
1450879813.295074: 1
1450879813.778975: 1
1450879814.278271: 1
1450879814.795393: 1
1450879815.296016: 1
1450879815.795321: 1
1450879816.296152: 1
1450879816.79592: 1
1450879817.279585: 1
1450879817.795936: 1
1450879818.279274: 1
1450879818.779657: 1
1450879819.279451: 1
1450879828.141397: 1
1450879828.571885: 1
1450879829.087216: 1
1450879829.583989: 1
1450879830.083019: 1
1450879830.583551: 1
1450879831.083216: 1
1450879831.570819: 1
1450879832.082649: 1
1450879832.581936: 1
1450879833.117336: 1
1450879833.582084: 1
1450879834.116175: 1
1450879834.565127: 1
1450879835.099913: 1
1450879835.599835: 1
1450879836.082035: 1
1450879836.600484: 1
1450879837.099763: 1
1450879837.600872: 1
1450879838.101015: 1
1450879838.601664: 1
1450879839.083495: 1
1450879839.584868: 1
1450879840.085486: 1
1450879840.586008: 1
1450879841.083769: 1
1450879841.58171: 1
1450879842.085246: 1
1450879842.569355: 1
1450879843.083774: 1
