1450880994.420905: 999
1450881001.279995: 229
1450881007.584664: 1
1450881007.584813: 1
1450881007.584922: 1
1450881007.643742: 1
1450881007.754569: 1
1450881007.853513: 1
1450881007.959227: 1
1450881008.037974: 1
1450881008.131456: 1
1450881008.230778: 1
1450881008.331543: 1
1450881008.427021: 1
1450881008.54319: 1
1450881008.626566: 1
1450881008.726305: 1
1450881008.829676: 1
1450881008.931273: 1
1450881009.027124: 1
1450881009.126437: 1
1450881009.226332: 1
1450881009.331701: 1
1450881017.342843: 1
1450881017.342993: 1
1450881017.343101: 1
1450881017.343197: 1
1450881017.343288: 1
1450881017.427586: 1
1450881017.587225: 1
1450881017.670768: 1
1450881017.728077: 1
1450881017.843947: 1
1450881017.956995: 1
1450881018.032908: 1
1450881018.133136: 1
1450881018.232858: 1
1450881018.333721: 1
1450881018.433758: 1
1450881018.552017: 1
1450881018.666627: 1
1450881018.751545: 1
1450881018.850861: 1
1450881018.950275: 1
1450881019.05201: 1
1450881019.149843: 1
1450881019.251042: 1
1450881019.351556: 1
1450881019.449121: 1
1450881019.551807: 1
1450881019.651547: 1
1450881019.749117: 1
1450881019.850684: 1
1450881019.950371: 1
