1450880942.752019: 999
1450880943.821105: 229
1450880950.119637: 1
1450880950.119804: 1
1450880950.119924: 1
1450880950.185229: 1
1450880950.293067: 1
1450880950.401904: 1
1450880950.474846: 1
1450880950.567882: 1
1450880950.68526: 1
1450880950.768614: 1
1450880950.868529: 1
1450880950.967824: 1
1450880951.069024: 1
1450880951.167999: 1
1450880951.26896: 1
1450880951.368216: 1
1450880951.469386: 1
1450880951.569089: 1
1450880951.668754: 1
1450880951.785647: 1
1450880951.869108: 1
1450880959.93092: 1
1450880960.00938: 1
1450880960.00953: 1
1450880960.009642: 1
1450880960.009744: 1
1450880960.052139: 1
1450880960.188426: 1
1450880960.254432: 1
1450880960.370492: 1
1450880960.459053: 1
1450880960.562381: 1
1450880960.668487: 1
1450880960.772553: 1
1450880960.872345: 1
1450880960.973271: 1
1450880961.089056: 1
1450880961.171777: 1
1450880961.270183: 1
1450880961.3743: 1
1450880961.487711: 1
1450880961.57109: 1
1450880961.688271: 1
1450880961.787425: 1
1450880961.868575: 1
1450880961.972389: 1
1450880962.070199: 1
1450880962.188433: 1
1450880962.269061: 1
1450880962.372287: 1
1450880962.470325: 1
1450880962.573187: 1
