1450881368.025957: 999
1450881368.644435: 229
1450881381.452622: 1
1450881381.509437: 1
1450881381.803905: 1
1450881381.943022: 1
1450881382.142514: 1
1450881382.341921: 1
1450881382.542847: 1
1450881382.742906: 1
1450881382.942645: 1
1450881383.141922: 1
1450881383.341944: 1
1450881383.542542: 1
1450881383.74259: 1
1450881383.959589: 1
1450881384.141601: 1
1450881384.342389: 1
1450881384.542248: 1
1450881384.743079: 1
1450881384.942289: 1
1450881385.142696: 1
1450881385.342689: 1
1450881402.665596: 1
1450881402.665772: 1
1450881402.805474: 1
1450881403.012959: 1
1450881403.215614: 1
1450881403.412399: 1
1450881403.604555: 1
1450881403.804675: 1
1450881404.052916: 1
1450881404.212952: 1
1450881404.412997: 1
1450881404.600608: 1
1450881404.79898: 1
1450881405.012804: 1
1450881405.199172: 1
1450881405.401547: 1
1450881405.598634: 1
1450881405.804057: 1
1450881405.982487: 1
1450881406.196675: 1
1450881406.386473: 1
1450881406.633072: 1
1450881406.78304: 1
1450881407.082375: 1
1450881407.182174: 1
1450881407.429557: 1
1450881407.581465: 1
1450881407.786946: 1
1450881407.981311: 1
1450881408.197296: 1
1450881408.383361: 1
