1451227793.023318: 999
1451227795.842959: 229
1451227808.604301: 1
1451227808.604485: 1
1451227808.712178: 1
1451227808.722022: 1
1451227808.901006: 1
1451227809.017594: 1
1451227809.123433: 1
1451227809.256779: 1
1451227809.372985: 1
1451227809.506988: 1
1451227809.62356: 1
1451227809.740124: 1
1451227809.87292: 1
1451227809.990034: 1
1451227810.123679: 1
1451227810.257377: 1
1451227810.373335: 1
1451227810.507154: 1
1451227810.623427: 1
1451227810.75742: 1
1451227810.87361: 1
1451227828.030229: 1
1451227828.030412: 1
1451227828.030548: 1
1451227828.030663: 1
1451227828.143327: 1
1451227828.312569: 1
1451227828.406908: 1
1451227828.526386: 1
1451227828.693688: 1
1451227828.7793: 1
1451227828.907308: 1
1451227829.02717: 1
1451227829.158775: 1
1451227829.276145: 1
1451227829.407987: 1
1451227829.526434: 1
1451227829.659583: 1
1451227829.77694: 1
1451227829.907048: 1
1451227830.02661: 1
1451227830.15902: 1
1451227830.276922: 1
1451227830.411159: 1
1451227830.526682: 1
1451227830.661917: 1
1451227830.808582: 1
1451227830.912075: 1
1451227831.026883: 1
1451227831.158086: 1
1451227831.276885: 1
1451227831.412737: 1
