1451227438.479677: 999
1451227443.898666: 229
1451227450.198306: 1
1451227450.198486: 1
1451227450.198606: 1
1451227450.343677: 1
1451227450.540838: 1
1451227450.603764: 1
1451227450.686688: 1
1451227450.820021: 1
1451227450.936772: 1
1451227451.070641: 1
1451227451.20393: 1
1451227451.316473: 1
1451227451.449667: 1
1451227451.57053: 1
1451227451.686767: 1
1451227451.820848: 1
1451227451.937506: 1
1451227452.07025: 1
1451227452.199655: 1
1451227452.320571: 1
1451227452.43723: 1
1451227460.722113: 1
1451227460.862919: 1
1451227460.998586: 1
1451227461.112914: 1
1451227461.239492: 1
1451227461.377847: 1
1451227461.478983: 1
1451227461.629227: 1
1451227461.728859: 1
1451227461.896267: 1
1451227461.975294: 1
1451227462.123879: 1
1451227462.24001: 1
1451227462.373409: 1
1451227462.489689: 1
1451227462.624778: 1
1451227462.725137: 1
1451227462.873266: 1
1451227462.989959: 1
1451227463.23945: 1
1451227463.239659: 1
1451227463.353011: 1
1451227463.507971: 1
1451227463.6591: 1
1451227463.730789: 1
1451227463.873049: 1
1451227464.00854: 1
1451227464.108547: 1
1451227464.257604: 1
1451227464.373289: 1
1451227464.558262: 1
