1451226069.064799: 999
1451226069.757023: 229
1451226075.916011: 1
1451226075.916179: 1
1451226075.963717: 1
1451226076.111585: 1
1451226076.268165: 1
1451226076.370521: 1
1451226076.48694: 1
1451226076.620335: 1
1451226076.737409: 1
1451226076.870837: 1
1451226076.986962: 1
1451226077.104536: 1
1451226077.253924: 1
1451226077.353856: 1
1451226077.487263: 1
1451226077.604648: 1
1451226077.754165: 1
1451226077.871275: 1
1451226077.987504: 1
1451226078.121381: 1
1451226078.238255: 1
1451226086.226496: 1
1451226086.300429: 1
1451226086.300602: 1
1451226086.30074: 1
1451226086.304312: 1
1451226086.464412: 1
1451226086.588814: 1
1451226086.719696: 1
1451226086.866579: 1
1451226086.974664: 1
1451226087.089962: 1
1451226087.230906: 1
1451226087.339251: 1
1451226087.482097: 1
1451226087.589202: 1
1451226087.729787: 1
1451226087.839094: 1
1451226087.976251: 1
1451226088.088999: 1
1451226088.222724: 1
1451226088.339958: 1
1451226088.475422: 1
1451226088.589355: 1
1451226088.724086: 1
1451226088.839226: 1
1451226088.974395: 1
1451226089.090303: 1
1451226089.239234: 1
1451226089.34035: 1
1451226089.474833: 1
1451226089.59033: 1
