1450881914.198161: 999
1450881915.932902: 229
1450881937.737135: 1
1450881937.790247: 1
1450881938.010046: 1
1450881938.225164: 1
1450881938.416211: 1
1450881938.615758: 1
1450881938.814684: 1
1450881939.015797: 1
1450881939.232276: 1
1450881939.416154: 1
1450881939.615371: 1
1450881939.814885: 1
1450881940.032719: 1
1450881940.21647: 1
1450881940.416052: 1
1450881940.600162: 1
1450881940.83272: 1
1450881941.01565: 1
1450881941.216105: 1
1450881941.415593: 1
1450881941.616474: 1
1450881971.469366: 1
1450881971.469547: 1
1450881971.571579: 1
1450881971.77492: 1
1450881971.983845: 1
1450881972.204551: 1
1450881972.372567: 1
1450881972.570513: 1
1450881972.810984: 1
1450881972.959173: 1
1450881973.170576: 1
1450881973.359416: 1
1450881973.570609: 1
1450881973.759246: 1
1450881973.970666: 1
1450881974.158309: 1
1450881974.409271: 1
1450881974.561771: 1
1450881974.759379: 1
1450881974.97141: 1
1450881975.154923: 1
1450881975.391388: 1
1450881975.592059: 1
1450881975.793117: 1
1450881975.995692: 1
1450881976.240026: 1
1450881976.389009: 1
1450881976.594741: 1
1450881976.79322: 1
1450881976.990711: 1
1450881977.193218: 1
