1450813099.698: 999
1450813101.488: 229
1450813109.203: 1
1450813109.42: 1
1450813109.599: 1
1450813109.804: 1
1450813110.161: 1
1450813110.176: 1
1450813110.401: 1
1450813110.582: 1
1450813110.805: 1
1450813110.996: 1
1450813111.2: 1
1450813111.413: 1
1450813111.612: 1
1450813111.823: 1
1450813111.997: 1
1450813112.226: 1
1450813112.399: 1
1450813112.632: 1
1450813112.823: 1
1450813113.078: 1
1450813113.308: 1
1450813123.763: 1
1450813124.0: 1
1450813124.181: 1
1450813124.395: 1
1450813124.574: 1
1450813124.797: 1
1450813124.968: 1
1450813125.178: 1
