1450722858.945: 999
1450722868.182: 1
1450722868.384: 1
1450722868.584: 1
1450722868.784: 1
1450722868.984: 1
1450722869.2: 1
1450722869.398: 1
1450722869.599: 1
1450722869.798: 1
1450722869.999: 1
1450722870.201: 1
1450722870.384: 1
1450722870.585: 1
1450722870.798: 1
1450722870.999: 1
1450722871.184: 1
1450722871.384: 1
1450722871.585: 1
1450722871.784: 1
1450722871.983: 1
1450722872.185: 1
1450722872.383: 1
1450722872.584: 1
1450722872.784: 1
1450722872.997: 1
1450722873.2: 1
1450722873.385: 1
1450722873.584: 1
1450722873.783: 1
1450722873.983: 1
1450722874.198: 1
1450722879.947: 229
1450722887.204: 1
1450722887.414: 1
1450722887.617: 1
1450722887.817: 1
1450722888.014: 1
1450722888.217: 1
1450722888.417: 1
1450722888.618: 1
1450722888.815: 1
1450722889.017: 1
1450722889.218: 1
1450722889.418: 1
1450722889.617: 1
1450722889.819: 1
1450722890.018: 1
1450722890.215: 1
1450722890.45: 1
1450722890.616: 1
1450722890.819: 1
1450722891.019: 1
1450722891.218: 1
