1451317063.138506: 999
1451317079.224074: 229
1451317092.484116: 1
1451317092.48429: 1
1451317092.484415: 1
1451317092.629233: 1
1451317092.802291: 1
1451317092.855245: 1
1451317092.973042: 1
1451317093.106118: 1
1451317093.22256: 1
1451317093.356164: 1
1451317093.47302: 1
1451317093.606554: 1
1451317093.722167: 1
1451317093.856022: 1
1451317093.9726: 1
1451317094.106096: 1
1451317094.222785: 1
1451317094.356146: 1
1451317094.489096: 1
1451317094.623094: 1
1451317094.739647: 1
1451317112.307787: 1
1451317112.307951: 1
1451317112.308074: 1
1451317112.308191: 1
1451317112.342209: 1
1451317112.479657: 1
1451317112.598912: 1
1451317112.74377: 1
1451317112.843077: 1
1451317112.998932: 1
1451317113.153953: 1
1451317113.256314: 1
1451317113.360766: 1
1451317113.475651: 1
1451317113.615872: 1
1451317113.776138: 1
1451317113.87653: 1
1451317113.994681: 1
1451317114.099138: 1
1451317114.248055: 1
1451317114.406338: 1
1451317114.485439: 1
1451317114.591688: 1
1451317114.731076: 1
1451317114.892684: 1
1451317114.976093: 1
1451317115.11373: 1
1451317115.226289: 1
1451317115.366439: 1
1451317115.476699: 1
1451317115.594797: 1
