1450880770.27867: 999
1450880771.481745: 229
1450880777.750523: 1
1450880777.750674: 1
1450880777.75078: 1
1450880777.795065: 1
1450880777.923395: 1
1450880778.023354: 1
1450880778.127518: 1
1450880778.201982: 1
1450880778.316692: 1
1450880778.400064: 1
1450880778.517219: 1
1450880778.61236: 1
1450880778.712696: 1
1450880778.811754: 1
1450880778.912367: 1
1450880779.028667: 1
1450880779.112388: 1
1450880779.211844: 1
1450880779.299965: 1
1450880779.412024: 1
1450880779.51243: 1
1450880787.546186: 1
1450880787.546401: 1
1450880787.546521: 1
1450880787.546642: 1
1450880787.546751: 1
1450880787.667095: 1
1450880787.795561: 1
1450880787.882111: 1
1450880787.937322: 1
1450880788.05111: 1
1450880788.149684: 1
1450880788.256853: 1
1450880788.359171: 1
1450880788.460588: 1
1450880788.560193: 1
1450880788.661046: 1
1450880788.759434: 1
1450880788.858041: 1
1450880788.95795: 1
1450880789.056463: 1
1450880789.15498: 1
1450880789.253551: 1
1450880789.353942: 1
1450880789.468637: 1
1450880789.554118: 1
1450880789.652329: 1
1450880789.753453: 1
1450880789.852101: 1
1450880789.952869: 1
1450880790.054607: 1
1450880790.153499: 1
