1450879753.235078: 999
1450879754.478959: 229
1450879760.800089: 1
1450879760.800231: 1
1450879760.800326: 1
1450879760.845216: 1
1450879760.961243: 1
1450879761.101036: 1
1450879761.194517: 1
1450879761.259043: 1
1450879761.35959: 1
1450879761.458828: 1
1450879761.559318: 1
1450879761.658724: 1
1450879761.759487: 1
1450879761.875131: 1
1450879761.959464: 1
1450879762.058979: 1
1450879762.159076: 1
1450879762.27612: 1
1450879762.375784: 1
1450879762.459381: 1
1450879762.576281: 1
1450879770.763268: 1
1450879770.837247: 1
1450879770.837399: 1
1450879770.837506: 1
1450879770.837614: 1
1450879770.854894: 1
1450879770.992639: 1
1450879771.05832: 1
1450879771.151312: 1
1450879771.263035: 1
1450879771.378563: 1
1450879771.471017: 1
1450879771.575818: 1
1450879771.681474: 1
1450879771.832948: 1
1450879771.844711: 1
1450879771.981504: 1
1450879772.094495: 1
1450879772.180097: 1
1450879772.284213: 1
1450879772.394334: 1
1450879772.480212: 1
1450879772.580968: 1
1450879772.67847: 1
1450879772.781449: 1
1450879772.933584: 1
1450879772.944466: 1
1450879773.08434: 1
1450879773.182028: 1
1450879773.284765: 1
1450879773.394406: 1
