1451224712.215988: 999
1451224713.735972: 229
1451224720.04935: 1
1451224720.155565: 1
1451224720.264316: 1
1451224720.458385: 1
1451224720.669993: 1
1451224720.88709: 1
1451224721.070158: 1
1451224721.270714: 1
1451224721.487248: 1
1451224721.671378: 1
1451224721.870686: 1
1451224722.070756: 1
1451224722.270915: 1
1451224722.487949: 1
1451224722.670422: 1
1451224722.904224: 1
1451224723.070719: 1
1451224723.270885: 1
1451224723.487661: 1
1451224723.68756: 1
1451224723.920913: 1
1451224732.142893: 1
1451224732.143132: 1
1451224732.234528: 1
1451224732.500156: 1
1451224732.665572: 1
1451224732.848759: 1
1451224733.132458: 1
1451224733.241409: 1
1451224733.450737: 1
1451224733.639764: 1
1451224733.901287: 1
1451224734.051997: 1
1451224734.240803: 1
1451224734.437725: 1
1451224734.634508: 1
1451224734.834891: 1
1451224735.035107: 1
1451224735.235108: 1
1451224735.534735: 1
1451224735.63451: 1
1451224735.830055: 1
1451224736.03346: 1
1451224736.234973: 1
1451224736.46809: 1
1451224736.655819: 1
1451224736.855805: 1
1451224737.105568: 1
1451224737.256301: 1
1451224737.45682: 1
1451224737.790739: 1
1451224737.902243: 1
