1450881222.262015: 999
1450881223.658914: 229
1450881229.902196: 1
1450881229.946713: 1
1450881230.2081: 1
1450881230.381466: 1
1450881230.581228: 1
1450881230.782195: 1
1450881231.01513: 1
1450881231.182129: 1
1450881231.382628: 1
1450881231.581511: 1
1450881231.782592: 1
1450881231.982959: 1
1450881232.181744: 1
1450881232.381671: 1
1450881232.581873: 1
1450881232.782114: 1
1450881232.98168: 1
1450881233.181932: 1
1450881233.382566: 1
1450881233.582889: 1
1450881233.782494: 1
1450881242.032777: 1
1450881242.032982: 1
1450881242.112666: 1
1450881242.361117: 1
1450881242.517213: 1
1450881242.700356: 1
1450881242.908159: 1
1450881243.103223: 1
1450881243.308295: 1
1450881243.506176: 1
1450881243.706729: 1
1450881243.908596: 1
1450881244.105748: 1
1450881244.30884: 1
1450881244.525003: 1
1450881244.725832: 1
1450881244.905018: 1
1450881245.125407: 1
1450881245.307317: 1
1450881245.512869: 1
1450881245.696264: 1
1450881245.909177: 1
1450881246.108802: 1
1450881246.308854: 1
1450881246.509009: 1
1450881246.701277: 1
1450881246.901914: 1
1450881247.1015: 1
1450881247.309068: 1
1450881247.50911: 1
1450881247.701338: 1
