1450353299.021: 999
1450353299.425: 10
1450353300.63: 229
1450353305.674: 10
1450353307.01: 1
1450353307.215: 2
1450353307.215: 1
1450353307.414: 2
1450353307.414: 1
1450353307.614: 2
1450353307.614: 1
1450353307.814: 2
1450353307.814: 1
1450353308.015: 2
1450353308.015: 1
1450353308.215: 2
1450353308.215: 1
1450353308.417: 2
1450353308.417: 1
1450353308.614: 2
1450353308.615: 1
1450353308.815: 2
1450353308.815: 1
1450353309.015: 2
1450353309.015: 1
1450353309.213: 2
1450353309.213: 1
1450353309.414: 2
1450353309.414: 1
1450353309.616: 2
1450353309.616: 1
1450353309.814: 2
1450353309.814: 1
1450353310.063: 2
1450353310.063: 1
1450353310.213: 2
1450353310.213: 1
1450353310.414: 2
1450353310.414: 1
1450353310.614: 2
1450353310.614: 1
1450353310.814: 2
1450353310.814: 1
1450353311.014: 2
1450353311.014: 1
1450353311.216: 2
