1450813481.476: 999
1450813504.193: 229
1450813517.218: 1
1450813517.58: 1
1450813517.83: 1
1450813518.121: 1
1450813518.418: 1
1450813518.712: 1
1450813519.045: 1
1450813519.361: 1
1450813519.618: 1
1450813519.948: 1
1450813520.223: 1
1450813520.55: 1
1450813520.834: 1
1450813521.148: 1
1450813521.428: 1
1450813521.705: 1
1450813522.026: 1
1450813522.364: 1
1450813522.634: 1
1450813522.954: 1
1450813523.23: 1
1450813536.854: 1
1450813537.218: 1
1450813537.409: 1
1450813537.701: 1
1450813538.055: 1
1450813538.337: 1
1450813538.619: 1
1450813538.984: 1
1450813539.277: 1
1450813539.543: 1
1450813539.899: 1
1450813540.174: 1
1450813540.451: 1
1450813540.753: 1
1450813541.067: 1
1450813541.358: 1
1450813541.658: 1
1450813541.963: 1
1450813542.268: 1
1450813542.575: 1
1450813542.885: 1
1450813543.098: 1
1450813543.4: 1
1450813543.814: 1
1450813544.128: 1
1450813544.423: 1
1450813544.626: 1
1450813544.928: 1
1450813545.221: 1
1450813545.526: 1
1450813545.914: 1
