1450881163.779983: 999
1450881165.250825: 229
1450881171.512802: 1
1450881171.512951: 1
1450881171.513058: 1
1450881171.558539: 1
1450881171.676139: 1
1450881171.776082: 1
1450881171.846242: 1
1450881171.964639: 1
1450881172.053235: 1
1450881172.153422: 1
1450881172.252205: 1
1450881172.353205: 1
1450881172.453062: 1
1450881172.551829: 1
1450881172.652717: 1
1450881172.752452: 1
1450881172.853943: 1
1450881172.94855: 1
1450881173.052743: 1
1450881173.152812: 1
1450881173.253009: 1
1450881181.294486: 1
1450881181.294647: 1
1450881181.294756: 1
1450881181.294878: 1
1450881181.294982: 1
1450881181.434797: 1
1450881181.496717: 1
1450881181.588539: 1
1450881181.700683: 1
1450881181.790852: 1
1450881181.895907: 1
1450881182.002604: 1
1450881182.108279: 1
1450881182.210236: 1
1450881182.31076: 1
1450881182.410641: 1
1450881182.509382: 1
1450881182.609162: 1
1450881182.70788: 1
1450881182.806111: 1
1450881182.908673: 1
1450881183.021471: 1
1450881183.107794: 1
1450881183.221575: 1
1450881183.305783: 1
1450881183.405305: 1
1450881183.508169: 1
1450881183.610957: 1
1450881183.721583: 1
1450881183.806187: 1
1450881183.908466: 1
