1450352407.479: 999
1450352415.076: 229
1450352420.221: 10
1450352421.469: 1
1450352421.675: 2
1450352421.675: 1
1450352421.877: 2
1450352421.877: 1
1450352422.078: 2
1450352422.078: 1
1450352422.277: 2
1450352422.277: 1
1450352422.477: 2
1450352422.477: 1
1450352422.677: 2
1450352422.677: 1
1450352422.878: 2
1450352422.878: 1
1450352423.077: 2
1450352423.077: 1
1450352423.277: 2
1450352423.277: 1
1450352423.476: 2
1450352423.476: 1
1450352423.676: 2
1450352423.676: 1
1450352423.878: 2
1450352423.878: 1
1450352424.077: 2
1450352424.077: 1
1450352424.277: 2
1450352424.277: 1
1450352424.477: 2
1450352424.477: 1
1450352424.678: 2
1450352424.678: 1
1450352424.875: 2
1450352424.875: 1
1450352425.075: 2
1450352425.075: 1
1450352425.274: 2
1450352425.274: 1
1450352425.478: 2
1450352425.478: 1
1450352425.677: 2
