1450880607.935573: 999
1450880609.142043: 229
1450880615.42466: 1
1450880615.42481: 1
1450880615.424922: 1
1450880615.50587: 1
1450880615.618107: 1
1450880615.749105: 1
1450880615.807774: 1
1450880615.906355: 1
1450880616.006764: 1
1450880616.106711: 1
1450880616.206147: 1
1450880616.323223: 1
1450880616.406676: 1
1450880616.506751: 1
1450880616.606122: 1
1450880616.706697: 1
1450880616.806509: 1
1450880616.905764: 1
1450880617.023428: 1
1450880617.106546: 1
1450880617.206387: 1
1450880625.29274: 1
1450880625.367101: 1
1450880625.36725: 1
1450880625.367364: 1
1450880625.36747: 1
1450880625.373964: 1
1450880625.533104: 1
1450880625.598631: 1
1450880625.693238: 1
1450880625.802398: 1
1450880625.910408: 1
1450880626.017525: 1
1450880626.119568: 1
1450880626.194578: 1
1450880626.282136: 1
1450880626.382944: 1
1450880626.483248: 1
1450880626.582111: 1
1450880626.681299: 1
1450880626.792291: 1
1450880626.883588: 1
1450880626.982703: 1
1450880627.080876: 1
1450880627.192191: 1
1450880627.291699: 1
1450880627.380628: 1
1450880627.4806: 1
1450880627.642591: 1
1450880627.680905: 1
1450880627.783445: 1
1450880627.891344: 1
