1450882144.562221: 999
1450882146.213174: 229
1450882152.493642: 1
1450882152.493819: 1
1450882152.543165: 1
1450882152.762528: 1
1450882152.862767: 1
1450882152.910476: 1
1450882153.06327: 1
1450882153.160127: 1
1450882153.294399: 1
1450882153.427544: 1
1450882153.543859: 1
1450882153.661067: 1
1450882153.792189: 1
1450882153.927429: 1
1450882154.060228: 1
1450882154.161218: 1
1450882154.293803: 1
1450882154.410873: 1
1450882154.577801: 1
1450882154.661185: 1
1450882154.792876: 1
1450882162.835771: 1
1450882162.835934: 1
1450882162.836055: 1
1450882162.836161: 1
1450882163.00663: 1
1450882163.079626: 1
1450882163.249453: 1
1450882163.334454: 1
1450882163.490452: 1
1450882163.564952: 1
1450882163.703373: 1
1450882163.854541: 1
1450882163.954769: 1
1450882164.104696: 1
1450882164.203825: 1
1450882164.363324: 1
1450882164.449201: 1
1450882164.601944: 1
1450882164.70077: 1
1450882164.853225: 1
1450882164.952262: 1
1450882165.099395: 1
1450882165.197766: 1
1450882165.34872: 1
1450882165.449514: 1
1450882165.612736: 1
1450882165.70174: 1
1450882165.863377: 1
1450882165.948722: 1
1450882166.063576: 1
1450882166.202037: 1
