1450720478.184: 999
1450720481.23: 229
1450720481.246: 11
1450720487.547: 1
1450720487.663: 1
1450720487.748: 1
1450720487.847: 1
1450720487.947: 1
1450720488.047: 1
1450720488.147: 1
1450720488.247: 1
1450720488.349: 1
1450720488.448: 1
1450720488.547: 1
1450720488.648: 1
1450720488.749: 1
1450720488.848: 1
1450720488.948: 1
1450720489.047: 1
1450720489.149: 1
1450720489.248: 1
1450720489.362: 1
1450720489.463: 1
1450720489.562: 1
1450720497.507: 1
1450720497.614: 1
1450720497.716: 1
1450720497.816: 1
1450720497.916: 1
1450720498.016: 1
1450720498.116: 1
1450720498.215: 1
1450720498.317: 1
1450720498.417: 1
1450720498.516: 1
1450720498.616: 1
1450720498.716: 1
1450720498.816: 1
1450720498.916: 1
1450720499.015: 1
1450720499.116: 1
1450720499.216: 1
1450720499.316: 1
1450720499.416: 1
1450720499.514: 1
1450720499.614: 1
1450720499.716: 1
1450720499.816: 1
1450720499.916: 1
1450720500.016: 1
1450720500.116: 1
1450720500.216: 1
1450720500.314: 1
1450720500.416: 1
1450720500.514: 1
