1451230972.364526: 999
1451230974.42836: 229
1451230987.227757: 1
1451230987.227923: 1
1451230987.273556: 1
1451230987.437608: 1
1451230987.511704: 1
1451230987.649452: 1
1451230987.785776: 1
1451230987.901953: 1
1451230988.019044: 1
1451230988.152482: 1
1451230988.268539: 1
1451230988.401993: 1
1451230988.518219: 1
1451230988.635522: 1
1451230988.785851: 1
1451230988.918672: 1
1451230989.019552: 1
1451230989.152904: 1
1451230989.26854: 1
1451230989.403245: 1
1451230989.519566: 1
1451231006.578649: 1
1451231006.578816: 1
1451231006.578951: 1
1451231006.654778: 1
1451231006.736614: 1
1451231006.845962: 1
1451231007.000456: 1
1451231007.112182: 1
1451231007.2294: 1
1451231007.395688: 1
1451231007.481535: 1
1451231007.596549: 1
1451231007.733144: 1
1451231007.845754: 1
1451231007.979793: 1
1451231008.106695: 1
1451231008.245096: 1
1451231008.374679: 1
1451231008.478177: 1
1451231008.596855: 1
1451231008.729273: 1
1451231008.843464: 1
1451231008.993284: 1
1451231009.113733: 1
1451231009.243349: 1
1451231009.346115: 1
1451231009.477161: 1
1451231009.59673: 1
1451231009.72891: 1
1451231009.858392: 1
1451231009.979909: 1
