1450717138.414: 999
1450717139.341: 229
1450717139.373: 11
1450717145.793: 1
1450717145.908: 1
1450717146.008: 1
1450717146.106: 1
1450717146.207: 1
1450717146.293: 1
1450717146.408: 1
1450717146.493: 1
1450717146.608: 1
1450717146.693: 1
1450717146.793: 1
1450717146.893: 1
1450717146.993: 1
1450717147.109: 1
1450717147.208: 1
1450717147.307: 1
1450717147.409: 1
1450717147.493: 1
1450717147.607: 1
1450717147.706: 1
1450717147.807: 1
1450717149.21: 1
1450717149.294: 1
1450717149.394: 1
1450717149.51: 1
1450717149.594: 1
1450717149.693: 1
1450717149.809: 1
1450717149.91: 1
1450717149.994: 1
1450717150.094: 1
1450717150.193: 1
1450717150.309: 1
1450717150.409: 1
1450717150.507: 1
1450717150.593: 1
1450717150.71: 1
1450717150.794: 1
1450717150.894: 1
1450717150.993: 1
1450717151.093: 1
1450717151.194: 1
