1450722548.112: 999
1450722552.219: 229
1450722559.652: 1
1450722559.853: 1
1450722560.054: 1
1450722560.254: 1
1450722560.454: 1
1450722560.654: 1
1450722560.854: 1
1450722561.054: 1
1450722561.254: 1
1450722561.454: 1
1450722561.655: 1
1450722561.854: 1
1450722562.071: 1
1450722562.254: 1
1450722562.454: 1
1450722562.654: 1
1450722562.854: 1
1450722563.054: 1
1450722563.254: 1
1450722563.454: 1
1450722563.655: 1
1450722573.175: 1
1450722573.386: 1
1450722573.588: 1
1450722573.789: 1
1450722573.989: 1
1450722574.188: 1
1450722574.387: 1
1450722574.588: 1
1450722574.788: 1
1450722574.987: 1
1450722575.189: 1
1450722575.389: 1
1450722575.589: 1
1450722575.788: 1
1450722575.988: 1
1450722576.188: 1
1450722576.388: 1
1450722576.589: 1
1450722576.789: 1
1450722576.988: 1
1450722577.189: 1
1450722577.388: 1
1450722577.588: 1
1450722577.789: 1
1450722577.988: 1
1450722578.188: 1
1450722578.388: 1
1450722578.589: 1
1450722578.788: 1
1450722578.988: 1
1450722579.188: 1
