1451219306.629716: 999
1451219308.316173: 229
1451219314.603776: 1
1451219314.649543: 1
1451219314.903232: 1
1451219315.103899: 1
1451219315.302227: 1
1451219315.535663: 1
1451219315.711765: 1
1451219315.919006: 1
1451219316.102775: 1
1451219316.301973: 1
1451219316.502516: 1
1451219316.70265: 1
1451219316.902716: 1
1451219317.102157: 1
1451219317.30292: 1
1451219317.536368: 1
1451219317.702842: 1
1451219317.902396: 1
1451219318.136567: 1
1451219318.319596: 1
1451219318.502827: 1
1451219326.82518: 1
1451219326.825415: 1
1451219326.905968: 1
1451219327.13926: 1
1451219327.350926: 1
1451219327.535384: 1
1451219327.721645: 1
1451219327.903382: 1
1451219328.121673: 1
1451219328.452177: 1
1451219328.514432: 1
1451219328.721517: 1
1451219328.913974: 1
1451219329.104461: 1
1451219329.321631: 1
1451219329.528516: 1
1451219329.736746: 1
1451219329.934575: 1
1451219330.133699: 1
1451219330.321272: 1
1451219330.530903: 1
1451219330.719483: 1
1451219330.971857: 1
1451219331.15458: 1
1451219331.322066: 1
1451219331.504069: 1
1451219331.703711: 1
1451219331.904023: 1
1451219332.164077: 1
1451219332.328147: 1
1451219332.513948: 1
