1450433694.022: 999
1450433697.39: 229
1450433697.439: 11
1450433704.056: 1
1450433704.17: 1
1450433704.271: 1
1450433704.371: 1
1450433704.471: 1
1450433704.571: 1
1450433704.671: 1
1450433704.77: 1
1450433704.87: 1
1450433704.97: 1
1450433705.072: 1
1450433705.172: 1
1450433705.27: 1
1450433705.371: 1
1450433705.456: 1
1450433705.556: 1
1450433705.657: 1
1450433705.772: 1
1450433705.856: 1
1450433705.973: 1
1450433706.071: 1
1450433721.372: 229
1450433721.422: 11
1450433722.573: 1
1450433722.672: 1
1450433722.773: 1
1450433722.874: 1
1450433722.972: 1
1450433723.073: 1
1450433723.172: 1
1450433723.273: 1
1450433723.373: 1
1450433723.472: 1
1450433723.572: 1
1450433723.673: 1
1450433723.787: 1
1450433723.873: 1
1450433723.972: 1
1450433724.073: 1
1450433724.172: 1
1450433724.273: 1
1450433724.373: 1
1450433724.472: 1
1450433724.573: 1
