1451228168.643378: 999
1451228169.455428: 229
1451228182.887977: 1
1451228182.88816: 1
1451228182.953822: 1
1451228183.037533: 1
1451228183.237026: 1
1451228183.320885: 1
1451228183.43763: 1
1451228183.553645: 1
1451228183.686948: 1
1451228183.803547: 1
1451228183.948902: 1
1451228184.053912: 1
1451228184.170883: 1
1451228184.304323: 1
1451228184.420958: 1
1451228184.553964: 1
1451228184.670589: 1
1451228184.804223: 1
1451228184.920496: 1
1451228185.054119: 1
1451228185.171289: 1
1451228203.192497: 1
1451228203.192673: 1
1451228203.192814: 1
1451228203.192997: 1
1451228203.371367: 1
1451228203.449834: 1
1451228203.605588: 1
1451228203.820851: 1
1451228203.840967: 1
1451228203.940096: 1
1451228204.080549: 1
1451228204.199793: 1
1451228204.349784: 1
1451228204.485457: 1
1451228204.584107: 1
1451228204.699714: 1
1451228204.85009: 1
1451228204.935397: 1
1451228205.08475: 1
1451228205.200683: 1
1451228205.334611: 1
1451228205.485593: 1
1451228205.585473: 1
1451228205.699678: 1
1451228205.834565: 1
1451228205.950257: 1
1451228206.084853: 1
1451228206.257105: 1
1451228206.336956: 1
1451228206.484379: 1
1451228206.600821: 1
