1451238660.276: 999
1451238661.434: 229
1451238673.097: 1
1451238673.231: 1
1451238673.348: 1
1451238673.482: 1
1451238673.6: 1
1451238673.733: 1
1451238673.85: 1
1451238673.983: 1
1451238674.1: 1
1451238674.234: 1
1451238674.35: 1
1451238674.484: 1
1451238674.601: 1
1451238674.733: 1
1451238674.85: 1
1451238674.984: 1
1451238675.101: 1
1451238675.233: 1
1451238675.35: 1
1451238675.484: 1
1451238675.6: 1
1451238691.038: 1
1451238691.165: 1
1451238691.299: 1
1451238691.416: 1
1451238691.549: 1
1451238691.666: 1
1451238691.799: 1
1451238691.916: 1
1451238692.051: 1
1451238692.167: 1
1451238692.301: 1
1451238692.417: 1
1451238692.551: 1
1451238692.667: 1
1451238692.801: 1
1451238692.917: 1
1451238693.05: 1
1451238693.168: 1
1451238693.301: 1
1451238693.417: 1
1451238693.549: 1
1451238693.667: 1
1451238693.801: 1
1451238693.917: 1
1451238694.051: 1
1451238694.167: 1
1451238694.301: 1
1451238694.418: 1
1451238694.551: 1
1451238694.668: 1
1451238694.801: 1
