1451317228.293225: 999
1451317229.609705: 229
1451317242.841063: 1
1451317242.841267: 1
1451317243.098374: 1
1451317243.291778: 1
1451317243.441178: 1
1451317243.641792: 1
1451317243.841249: 1
1451317244.041584: 1
1451317244.241761: 1
1451317244.441738: 1
1451317244.675225: 1
1451317244.841407: 1
1451317245.041865: 1
1451317245.275366: 1
1451317245.441741: 1
1451317245.641461: 1
1451317245.841625: 1
1451317246.092466: 1
1451317246.242365: 1
1451317246.441446: 1
1451317246.641665: 1
1451317264.148967: 1
1451317264.149126: 1
1451317264.262113: 1
1451317264.477716: 1
1451317264.677637: 1
1451317264.894976: 1
1451317265.138422: 1
1451317265.261802: 1
1451317265.445581: 1
1451317265.663372: 1
1451317265.86779: 1
1451317266.128089: 1
1451317266.263144: 1
1451317266.46245: 1
1451317266.662152: 1
1451317266.862442: 1
1451317267.062324: 1
1451317267.359306: 1
1451317267.464445: 1
1451317267.663002: 1
1451317267.863147: 1
1451317268.098422: 1
1451317268.261843: 1
1451317268.476155: 1
1451317268.659669: 1
1451317268.878867: 1
1451317269.128636: 1
1451317269.262704: 1
1451317269.546948: 1
1451317269.712312: 1
1451317269.896246: 1
