1451318636.168857 999
1451318663.724553 229
1451318676.996008 1
1451318676.996195 1
1451318677.309212 1
1451318677.45537 1
1451318677.588564 1
1451318677.804991 1
1451318678.005156 1
1451318678.188692 1
1451318678.422636 1
1451318678.688641 1
1451318678.821723 1
1451318679.022469 1
1451318679.188582 1
1451318679.421813 1
1451318679.604622 1
1451318679.822678 1
1451318680.005351 1
1451318680.221403 1
1451318680.422119 1
1451318680.606017 1
1451318680.789305 1
1451318698.315706 1
1451318698.31588	 1
1451318698.401932 1
1451318698.683355 1
1451318698.91875 1
1451318699.075093 1
1451318699.325474 1
1451318699.441952 1
1451318699.656372 1
1451318699.856277 1
1451318700.057792 1
1451318700.251654 1
1451318700.44023 1
1451318700.727402 1
1451318700.924986 1
1451318701.075898 1
1451318701.351141 1
1451318701.459554 1
1451318701.856033 1
1451318701.856304 1
1451318702.056511 1
1451318702.259777 1
1451318702.464642 1
1451318702.671865 1
1451318702.843136 1
1451318703.076078 1
1451318703.284166 1
1451318703.489529 1
1451318703.659498 1
1451318703.92337 1
1451318704.042391 1
