1451261447.381389: 999
1451261481.505032: 229
1451261495.54905: 1
1451261495.647703: 1
1451261495.647911: 1
1451261495.64807: 1
1451261495.91572: 1
1451261495.915923: 1
1451261496.020344: 1
1451261496.153865: 1
1451261496.269647: 1
1451261496.403624: 1
1451261496.536465: 1
1451261496.637704: 1
1451261496.770319: 1
1451261496.886586: 1
1451261497.021023: 1
1451261497.137335: 1
1451261497.271127: 1
1451261497.387877: 1
1451261497.519998: 1
1451261497.635794: 1
1451261497.76901: 1
1451261516.741984: 1
1451261516.929331: 1
1451261517.002222: 1
1451261517.199019: 1
1451261517.423623: 1
1451261517.423832: 1
1451261517.515339: 1
1451261517.716321: 1
1451261517.757537: 1
1451261517.899241: 1
1451261518.007366: 1
1451261518.161634: 1
1451261518.248966: 1
1451261518.432525: 1
1451261518.53066: 1
1451261518.628799: 1
1451261518.827706: 1
1451261518.882349: 1
1451261519.043958: 1
1451261519.17732: 1
1451261519.352008: 1
1451261519.410062: 1
1451261519.574739: 1
1451261519.713514: 1
1451261519.792646: 1
1451261519.897383: 1
1451261520.010648: 1
1451261520.161851: 1
1451261520.339448: 1
1451261520.441256: 1
1451261520.539797: 1
