1450886741.426448: 999
1450886742.740482: 229
1450886749.048182: 1
1450886749.092996: 1
1450886749.303728: 1
1450886749.507021: 1
1450886749.707074: 1
1450886749.906394: 1
1450886750.10715: 1
1450886750.306575: 1
1450886750.506795: 1
1450886750.706573: 1
1450886750.906941: 1
1450886751.106877: 1
1450886751.306877: 1
1450886751.507408: 1
1450886751.723146: 1
1450886751.90732: 1
1450886752.107399: 1
1450886752.307591: 1
1450886752.506971: 1
1450886752.706889: 1
1450886752.907052: 1
1450886761.256675: 1
1450886761.256835: 1
1450886761.359256: 1
1450886761.542344: 1
1450886761.758535: 1
1450886761.975659: 1
1450886762.176007: 1
1450886762.365512: 1
1450886762.564714: 1
1450886762.775378: 1
1450886763.009721: 1
1450886763.257068: 1
1450886763.360615: 1
1450886763.558413: 1
1450886763.811425: 1
1450886763.958925: 1
1450886764.176005: 1
1450886764.375534: 1
1450886764.556635: 1
1450886764.759246: 1
1450886765.045431: 1
1450886765.192707: 1
1450886765.359388: 1
1450886765.559898: 1
1450886765.759486: 1
1450886765.959858: 1
1450886766.15982: 1
1450886766.359051: 1
1450886766.559372: 1
1450886766.759709: 1
1450886766.959356: 1
