1450721396.055: 999
1450721397.035: 229
1450721397.052: 11
1450721403.797: 1
1450721404.001: 1
1450721404.201: 1
1450721404.403: 1
1450721404.603: 1
1450721404.803: 1
1450721405.004: 1
1450721405.201: 1
1450721405.402: 1
1450721405.602: 1
1450721405.803: 1
1450721406.002: 1
1450721406.201: 1
1450721406.402: 1
1450721406.603: 1
1450721406.802: 1
1450721407.003: 1
1450721407.201: 1
1450721407.403: 1
1450721407.603: 1
1450721407.803: 1
1450721416.282: 1
1450721416.485: 1
1450721416.686: 1
1450721416.887: 1
1450721417.087: 1
1450721417.287: 1
1450721417.487: 1
1450721417.687: 1
1450721417.887: 1
1450721418.085: 1
1450721418.287: 1
1450721418.487: 1
1450721418.687: 1
1450721418.887: 1
1450721419.086: 1
1450721419.287: 1
1450721419.487: 1
1450721419.687: 1
1450721419.887: 1
1450721420.087: 1
1450721420.287: 1
1450721420.487: 1
1450721420.685: 1
1450721420.885: 1
1450721421.086: 1
1450721421.288: 1
1450721421.487: 1
1450721421.683: 1
1450721421.885: 1
1450721422.087: 1
1450721422.288: 1
