1450880699.568434: 999
1450880702.538249: 229
1450880708.759207: 1
1450880708.759356: 1
1450880708.759457: 1
1450880708.80654: 1
1450880708.965898: 1
1450880709.070603: 1
1450880709.15246: 1
1450880709.252542: 1
1450880709.351896: 1
1450880709.452661: 1
1450880709.552545: 1
1450880709.653015: 1
1450880709.769213: 1
1450880709.86952: 1
1450880709.969098: 1
1450880710.052267: 1
1450880710.169421: 1
1450880710.252302: 1
1450880710.352751: 1
1450880710.452641: 1
1450880710.552908: 1
1450880718.579616: 1
1450880718.579839: 1
1450880718.579988: 1
1450880718.580077: 1
1450880718.580163: 1
1450880718.749268: 1
1450880718.828683: 1
1450880718.906525: 1
1450880718.983314: 1
1450880719.146037: 1
1450880719.197192: 1
1450880719.28773: 1
1450880719.392375: 1
1450880719.498742: 1
1450880719.571585: 1
1450880719.705583: 1
1450880719.806201: 1
1450880719.871714: 1
1450880719.971412: 1
1450880720.105236: 1
1450880720.172302: 1
1450880720.271933: 1
1450880720.399397: 1
1450880720.471899: 1
1450880720.571204: 1
1450880720.703383: 1
1450880720.800894: 1
1450880720.903963: 1
1450880721.000967: 1
1450880721.103479: 1
1450880721.20214: 1
