1450884118.511: 999
1450884121.869: 229
1450884129.278: 1
1450884129.483: 1
1450884129.683: 1
1450884129.883: 1
1450884130.083: 1
1450884130.283: 1
1450884130.483: 1
1450884130.683: 1
1450884130.883: 1
1450884131.083: 1
1450884131.283: 1
1450884131.485: 1
1450884131.685: 1
1450884131.885: 1
1450884132.085: 1
1450884132.284: 1
1450884132.484: 1
1450884132.684: 1
1450884132.884: 1
1450884133.085: 1
1450884133.284: 1
1450884142.487: 1
1450884142.7: 1
1450884142.9: 1
1450884143.102: 1
1450884143.302: 1
1450884143.502: 1
1450884143.702: 1
1450884143.901: 1
1450884144.1: 1
1450884144.301: 1
1450884144.501: 1
1450884144.702: 1
1450884144.901: 1
1450884145.1: 1
1450884145.3: 1
1450884145.501: 1
1450884145.7: 1
1450884145.901: 1
1450884146.101: 1
1450884146.301: 1
1450884146.501: 1
1450884146.701: 1
1450884146.902: 1
1450884147.102: 1
1450884147.302: 1
1450884147.502: 1
1450884147.702: 1
1450884147.902: 1
1450884148.102: 1
1450884148.301: 1
1450884148.502: 1
