1450813352.398: 999
1450813353.986: 229
1450813363.529: 1
1450813363.76: 1
1450813363.899: 1
1450813364.164: 1
1450813364.302: 1
1450813364.526: 1
1450813364.757: 1
1450813364.9: 1
1450813365.167: 1
1450813365.311: 1
1450813365.49: 1
1450813365.759: 1
1450813365.891: 1
1450813366.079: 1
1450813366.307: 1
1450813366.493: 1
1450813366.694: 1
1450813366.898: 1
1450813367.106: 1
1450813367.295: 1
1450813367.483: 1
1450813381.886: 1
1450813382.061: 1
1450813382.182: 1
1450813382.433: 1
1450813382.674: 1
1450813382.804: 1
1450813382.939: 1
1450813383.182: 1
1450813383.428: 1
1450813383.557: 1
1450813383.818: 1
1450813383.939: 1
1450813384.188: 1
1450813384.312: 1
1450813384.556: 1
1450813384.806: 1
1450813385.05: 1
1450813385.172: 1
1450813385.425: 1
1450813385.552: 1
1450813385.792: 1
1450813385.912: 1
1450813386.305: 1
1450813386.432: 1
1450813386.555: 1
1450813386.799: 1
1450813386.93: 1
1450813387.187: 1
1450813387.434: 1
1450813387.675: 1
1450813387.797: 1
