1450720634.799: 999
1450720636.212: 229
1450720636.263: 11
1450720642.57: 1
1450720642.778: 1
1450720642.98: 1
1450720643.18: 1
1450720643.38: 1
1450720643.578: 1
1450720643.78: 1
1450720643.98: 1
1450720644.18: 1
1450720644.379: 1
1450720644.578: 1
1450720644.781: 1
1450720644.978: 1
1450720645.179: 1
1450720645.379: 1
1450720645.58: 1
1450720645.779: 1
1450720645.98: 1
1450720646.18: 1
1450720646.379: 1
1450720646.578: 1
1450720654.839: 1
1450720655.044: 1
1450720655.247: 1
1450720655.447: 1
1450720655.647: 1
1450720655.845: 1
1450720656.046: 1
1450720656.245: 1
1450720656.447: 1
1450720656.645: 1
1450720656.845: 1
1450720657.045: 1
1450720657.245: 1
1450720657.448: 1
1450720657.647: 1
1450720657.847: 1
1450720658.048: 1
1450720658.247: 1
1450720658.447: 1
1450720658.647: 1
1450720658.847: 1
1450720659.048: 1
1450720659.246: 1
1450720659.447: 1
1450720659.647: 1
1450720659.848: 1
1450720660.047: 1
1450720660.246: 1
1450720660.461: 1
1450720660.648: 1
1450720660.847: 1
