1450720759.899: 999
1450720761.626: 229
1450720761.659: 11
1450720769.075: 1
1450720769.278: 1
1450720769.478: 1
1450720769.676: 1
1450720769.876: 1
1450720770.078: 1
1450720770.278: 1
1450720770.476: 1
1450720770.678: 1
1450720770.877: 1
1450720771.078: 1
1450720771.277: 1
1450720771.477: 1
1450720771.678: 1
1450720771.878: 1
1450720772.078: 1
1450720772.278: 1
1450720772.478: 1
1450720772.678: 1
1450720772.878: 1
1450720773.077: 1
1450720781.492: 1
1450720781.696: 1
1450720781.895: 1
1450720782.096: 1
1450720782.295: 1
1450720782.495: 1
1450720782.696: 1
1450720782.896: 1
1450720783.093: 1
1450720783.296: 1
1450720783.496: 1
1450720783.696: 1
1450720783.896: 1
1450720784.096: 1
1450720784.293: 1
1450720784.495: 1
1450720784.695: 1
1450720784.896: 1
1450720785.095: 1
1450720785.294: 1
1450720785.495: 1
1450720785.695: 1
1450720785.895: 1
1450720786.095: 1
1450720786.295: 1
1450720786.495: 1
1450720786.696: 1
1450720786.895: 1
1450720787.095: 1
1450720787.295: 1
1450720787.495: 1
