1451228258.989742: 999
1451228260.234474: 229
1451228273.966161: 1
1451228273.96633: 1
1451228273.966454: 1
1451228274.084291: 1
1451228274.217626: 1
1451228274.321518: 1
1451228274.46533: 1
1451228274.565392: 1
1451228274.698844: 1
1451228274.815986: 1
1451228274.965813: 1
1451228275.09927: 1
1451228275.198997: 1
1451228275.315293: 1
1451228275.448482: 1
1451228275.566101: 1
1451228275.698927: 1
1451228275.848965: 1
1451228275.948634: 1
1451228276.065386: 1
1451228276.215803: 1
1451228294.172331: 1
1451228294.172527: 1
1451228294.172683: 1
1451228294.249918: 1
1451228294.39538: 1
1451228294.468505: 1
1451228294.581364: 1
1451228294.706545: 1
1451228294.856844: 1
1451228294.969398: 1
1451228295.058156: 1
1451228295.218365: 1
1451228295.308129: 1
1451228295.469309: 1
1451228295.558763: 1
1451228295.706061: 1
1451228295.837543: 1
1451228295.94196: 1
1451228296.10306: 1
1451228296.192921: 1
1451228296.339758: 1
1451228296.441967: 1
1451228296.591214: 1
1451228296.702519: 1
1451228296.853037: 1
1451228296.943166: 1
1451228297.101078: 1
1451228297.191747: 1
1451228297.302541: 1
1451228297.443383: 1
1451228297.590899: 1
