1451227864.659831: 999
1451227866.483148: 229
1451227879.943669: 1
1451227879.943854: 1
1451227879.991689: 1
1451227880.138965: 1
1451227880.214006: 1
1451227880.345832: 1
1451227880.482737: 1
1451227880.599326: 1
1451227880.715466: 1
1451227880.848849: 1
1451227880.982197: 1
1451227881.099506: 1
1451227881.215931: 1
1451227881.349591: 1
1451227881.482778: 1
1451227881.599352: 1
1451227881.716059: 1
1451227881.84957: 1
1451227881.965372: 1
1451227882.098606: 1
1451227882.248771: 1
1451227900.241662: 1
1451227900.241839: 1
1451227900.241962: 1
1451227900.242081: 1
1451227900.335838: 1
1451227900.490489: 1
1451227900.60489: 1
1451227900.707093: 1
1451227900.851896: 1
1451227900.95856: 1
1451227901.085626: 1
1451227901.218372: 1
1451227901.336051: 1
1451227901.468804: 1
1451227901.586093: 1
1451227901.735741: 1
1451227901.86374: 1
1451227901.962937: 1
1451227902.12416: 1
1451227902.213083: 1
1451227902.364326: 1
1451227902.463235: 1
1451227902.609954: 1
1451227902.712919: 1
1451227902.863103: 1
1451227902.961299: 1
1451227903.113397: 1
1451227903.210522: 1
1451227903.374151: 1
1451227903.462254: 1
1451227903.612289: 1
