1450882093.631661: 999
1450882094.389636: 229
1450882100.71678: 1
1450882100.716946: 1
1450882100.717055: 1
1450882100.717161: 1
1450882100.844101: 1
1450882100.947866: 1
1450882101.015012: 1
1450882101.120169: 1
1450882101.220355: 1
1450882101.321075: 1
1450882101.419223: 1
1450882101.521211: 1
1450882101.620628: 1
1450882101.720888: 1
1450882101.819667: 1
1450882101.920977: 1
1450882102.020833: 1
1450882102.12036: 1
1450882102.220223: 1
1450882102.321024: 1
1450882102.420302: 1
1450882110.441557: 1
1450882110.516564: 1
1450882110.516718: 1
1450882110.516824: 1
1450882110.516934: 1
1450882110.517034: 1
1450882110.675581: 1
1450882110.713048: 1
1450882110.807087: 1
1450882110.929399: 1
1450882111.003755: 1
1450882111.10623: 1
1450882111.205726: 1
1450882111.306321: 1
1450882111.420355: 1
1450882111.539717: 1
1450882111.62776: 1
1450882111.727829: 1
1450882111.825408: 1
1450882111.925165: 1
1450882112.023894: 1
1450882112.124408: 1
1450882112.225164: 1
1450882112.322139: 1
1450882112.424236: 1
1450882112.521969: 1
1450882112.62404: 1
1450882112.725727: 1
1450882112.822408: 1
1450882112.939324: 1
1450882113.02536: 1
