1451219569.29: 999
1451219573.062: 229
1451219580.769: 1
1451219580.978: 1
1451219581.177: 1
1451219581.378: 1
1451219581.577: 1
1451219581.778: 1
1451219581.978: 1
1451219582.179: 1
1451219582.378: 1
1451219582.578: 1
1451219582.778: 1
1451219582.978: 1
1451219583.178: 1
1451219583.378: 1
1451219583.578: 1
1451219583.778: 1
1451219583.979: 1
1451219584.178: 1
1451219584.378: 1
1451219584.579: 1
1451219584.778: 1
1451219594.727: 1
1451219594.928: 1
1451219595.128: 1
1451219595.328: 1
1451219595.528: 1
1451219595.728: 1
1451219595.928: 1
1451219596.128: 1
1451219596.328: 1
1451219596.529: 1
1451219596.729: 1
1451219596.928: 1
1451219597.128: 1
1451219597.344: 1
1451219597.528: 1
1451219597.745: 1
1451219597.928: 1
1451219598.129: 1
1451219598.329: 1
1451219598.528: 1
1451219598.728: 1
1451219598.928: 1
1451219599.128: 1
1451219599.328: 1
1451219599.529: 1
1451219599.728: 1
1451219599.928: 1
1451219600.128: 1
1451219600.328: 1
1451219600.528: 1
1451219600.728: 1
