1450883634.546343: 999
1450883662.31788: 229
1450883668.633849: 1
1450883668.6925: 1
1450883668.88063: 1
1450883669.060516: 1
1450883669.263721: 1
1450883669.463884: 1
1450883669.663691: 1
1450883669.864856: 1
1450883670.065008: 1
1450883670.281791: 1
1450883670.480945: 1
1450883670.664873: 1
1450883670.864734: 1
1450883671.064113: 1
1450883671.264476: 1
1450883671.464486: 1
1450883671.664152: 1
1450883671.865129: 1
1450883672.063437: 1
1450883672.264015: 1
1450883672.464895: 1
1450883681.425769: 1
1450883681.425928: 1
1450883681.426051: 1
1450883681.676764: 1
1450883681.816843: 1
1450883682.033751: 1
1450883682.23556: 1
1450883682.442986: 1
1450883682.612463: 1
1450883682.812655: 1
1450883683.039784: 1
1450883683.248886: 1
1450883683.489863: 1
1450883683.638128: 1
1450883683.850833: 1
1450883684.041151: 1
1450883684.249715: 1
1450883684.450516: 1
1450883684.641006: 1
1450883684.848667: 1
1450883685.106537: 1
1450883685.255435: 1
1450883685.417882: 1
1450883685.616681: 1
1450883685.817354: 1
1450883686.016964: 1
1450883686.207689: 1
1450883686.417942: 1
1450883686.616989: 1
1450883686.817301: 1
1450883687.017036: 1
