1450880831.486407: 999
1450880833.640504: 229
1450880839.960172: 1
1450880839.960321: 1
1450880839.960435: 1
1450880840.004831: 1
1450880840.094294: 1
1450880840.203303: 1
1450880840.310736: 1
1450880840.402225: 1
1450880840.487778: 1
1450880840.58741: 1
1450880840.68799: 1
1450880840.804427: 1
1450880840.887665: 1
1450880841.003689: 1
1450880841.087774: 1
1450880841.187525: 1
1450880841.303606: 1
1450880841.387491: 1
1450880841.50453: 1
1450880841.587314: 1
1450880841.687481: 1
1450880849.720314: 1
1450880849.720471: 1
1450880849.720593: 1
1450880849.720697: 1
1450880849.720785: 1
1450880849.795746: 1
1450880849.95995: 1
1450880850.005122: 1
1450880850.096935: 1
1450880850.173269: 1
1450880850.319047: 1
1450880850.374755: 1
1450880850.478379: 1
1450880850.588236: 1
1450880850.681876: 1
1450880850.782657: 1
1450880850.88899: 1
1450880850.982493: 1
1450880851.08206: 1
1450880851.180504: 1
1450880851.279004: 1
1450880851.377514: 1
1450880851.480809: 1
1450880851.578077: 1
1450880851.675745: 1
1450880851.774129: 1
1450880851.89011: 1
1450880851.989611: 1
1450880852.074346: 1
1450880852.179612: 1
1450880852.278439: 1
