1450722067.913: 999
1450722068.929: 229
1450722068.959: 11
1450722075.314: 1
1450722075.525: 1
1450722075.724: 1
1450722075.927: 1
1450722076.128: 1
1450722076.328: 1
1450722076.528: 1
1450722076.728: 1
1450722076.927: 1
1450722077.127: 1
1450722077.327: 1
1450722077.528: 1
1450722077.728: 1
1450722077.925: 1
1450722078.127: 1
1450722078.327: 1
1450722078.527: 1
1450722078.727: 1
1450722078.928: 1
1450722079.127: 1
1450722079.327: 1
1450722087.703: 1
1450722087.908: 1
1450722088.112: 1
1450722088.31: 1
1450722088.51: 1
1450722088.71: 1
1450722088.912: 1
1450722089.109: 1
1450722089.311: 1
1450722089.511: 1
1450722089.709: 1
1450722089.912: 1
1450722090.111: 1
1450722090.311: 1
1450722090.511: 1
1450722090.709: 1
1450722090.909: 1
1450722091.111: 1
1450722091.312: 1
1450722091.512: 1
1450722091.712: 1
1450722091.911: 1
1450722092.111: 1
1450722092.311: 1
1450722092.511: 1
1450722092.711: 1
1450722092.911: 1
1450722093.111: 1
1450722093.312: 1
1450722093.511: 1
1450722093.71: 1
