1450436926.257: 999
1450436927.695: 229
1450436927.714: 11
1450436934.085: 1
1450436934.195: 1
1450436934.295: 1
1450436934.395: 1
1450436934.495: 1
1450436934.595: 1
1450436934.697: 1
1450436934.798: 1
1450436934.897: 1
1450436934.998: 1
1450436935.098: 1
1450436935.197: 1
1450436935.297: 1
1450436935.398: 1
1450436935.498: 1
1450436935.598: 1
1450436935.697: 1
1450436935.798: 1
1450436935.897: 1
1450436935.998: 1
1450436936.097: 1
1450436941.265: 229
1450436941.314: 11
1450436942.479: 1
1450436942.579: 1
1450436942.678: 1
1450436942.765: 1
1450436942.865: 1
1450436942.981: 1
1450436943.081: 1
1450436943.166: 1
1450436943.279: 1
1450436943.38: 1
1450436943.479: 1
1450436943.58: 1
1450436943.681: 1
1450436943.78: 1
1450436943.865: 1
1450436943.981: 1
1450436944.065: 1
1450436944.165: 1
1450436944.266: 1
1450436944.381: 1
1450436944.466: 1
