1450881065.406408: 999
1450881070.671422: 229
1450881076.938101: 1
1450881076.938247: 1
1450881076.938354: 1
1450881076.986027: 1
1450881077.136793: 1
1450881077.269134: 1
1450881077.319359: 1
1450881077.418813: 1
1450881077.519139: 1
1450881077.619099: 1
1450881077.718868: 1
1450881077.818076: 1
1450881077.919017: 1
1450881078.019468: 1
1450881078.119341: 1
1450881078.235318: 1
1450881078.319082: 1
1450881078.419253: 1
1450881078.519602: 1
1450881078.619077: 1
1450881078.719074: 1
1450881086.684044: 1
1450881086.684194: 1
1450881086.684304: 1
1450881086.684404: 1
1450881086.76078: 1
1450881086.848174: 1
1450881086.931317: 1
1450881087.004393: 1
1450881087.099356: 1
1450881087.217295: 1
1450881087.322944: 1
1450881087.396804: 1
1450881087.496428: 1
1450881087.604546: 1
1450881087.736587: 1
1450881087.83643: 1
1450881087.93765: 1
1450881088.004198: 1
1450881088.104214: 1
1450881088.203863: 1
1450881088.296447: 1
1450881088.397972: 1
1450881088.532159: 1
1450881088.633786: 1
1450881088.697314: 1
1450881088.798358: 1
1450881088.89719: 1
1450881088.997441: 1
1450881089.096921: 1
1450881089.232215: 1
1450881089.297543: 1
